<?xml version="1.0" encoding="UTF-8"?>
<!-- Generated by org.testng.reporters.JUnitReportReporter -->
<testsuite hostname="LTIN447915" failures="0" tests="12" name="Test.dummy" time="106.137" errors="0" timestamp="14 Jun 2023 16:46:54 GMT" skipped="0">
  <testcase classname="Test.dummy" name="driverSetup" time="4.132"/>
  <testcase classname="Test.dummy" name="loginPage" time="24.648"/>
  <testcase classname="Test.dummy" name="beCognizant" time="11.077"/>
  <testcase classname="Test.dummy" name="detailsGetText" time="15.375"/>
  <testcase classname="Test.dummy" name="searchField" time="22.619"/>
  <testcase classname="Test.dummy" name="TruTimeLink" time="0.147"/>
  <testcase classname="Test.dummy" name="switchToTrutimeWindow" time="25.191"/>
  <testcase classname="Test.dummy" name="getDaysFromTrutime" time="2.791"/>
  <testcase classname="Test.dummy" name="getDaysFromLocalSys" time="0.068"/>
  <testcase classname="Test.dummy" name="compareDates" time="0.001"/>
  <testcase classname="Test.dummy" name="checkCurrentDate" time="0.030"/>
  <testcase classname="Test.dummy" name="getCurrentDate" time="0.058"/>
</testsuite> <!-- Test.dummy -->
