<?xml version="1.0" encoding="UTF-8"?>
<!-- Generated by org.testng.reporters.JUnitReportReporter -->
<testsuite hostname="LTIN447908" failures="0" tests="12" name="Test.TestCases" time="113.830" errors="0" timestamp="21 Jun 2023 04:24:51 GMT" skipped="0">
  <testcase classname="Test.TestCases" name="setDriverMethod" time="12.228"/>
  <testcase classname="Test.TestCases" name="loginPageMethod" time="45.863"/>
  <testcase classname="Test.TestCases" name="becognizantMethod" time="21.944"/>
  <testcase classname="Test.TestCases" name="detailsGetTextMethod" time="6.055"/>
  <testcase classname="Test.TestCases" name="scrollMethod" time="5.145"/>
  <testcase classname="Test.TestCases" name="searchTruTimeMethod" time="7.885"/>
  <testcase classname="Test.TestCases" name="getDaysFromLocalSysMethod" time="0.043"/>
  <testcase classname="Test.TestCases" name="getDaysFromTrutimeMethod" time="5.401"/>
  <testcase classname="Test.TestCases" name="compareDatesMethod" time="1.939"/>
  <testcase classname="Test.TestCases" name="checkCurrentDateMethod" time="0.189"/>
  <testcase classname="Test.TestCases" name="validateLastTopUpDateMethod" time="0.085"/>
  <testcase classname="Test.TestCases" name="driverClose" time="7.053"/>
</testsuite> <!-- Test.TestCases -->
